2025-07-28 16:43:45,869 [INFO] Activator:177 - 


2025-07-28 16:43:45,869 [INFO] Activator:178 - !SESSION log4j initialized
2025-07-28 16:43:50,100 [ERROR] LogOutputStream:74 - [STDERR_REDIRECT] Managed Build system manifest file error: Option com.st.stm32cube.ide.mcu.debug.option.cpuclock.1269365669 uses a null category that is invalid in its context. The option was ignored.
2025-07-28 16:43:50,182 [ERROR] LogOutputStream:74 - [STDERR_REDIRECT] Managed Build system manifest file error: Option com.st.stm32cube.ide.mcu.debug.option.cpuclock.1335955805 uses a null category that is invalid in its context. The option was ignored.
2025-07-28 16:44:13,562 [ERROR] LogOutputStream:74 - [STDERR_REDIRECT] SLF4J: Failed to load class "org.slf4j.impl.StaticLoggerBinder".
2025-07-28 16:44:13,563 [ERROR] LogOutputStream:74 - [STDERR_REDIRECT] SLF4J: Defaulting to no-operation (NOP) logger implementation
2025-07-28 16:44:13,564 [ERROR] LogOutputStream:74 - [STDERR_REDIRECT] SLF4J: See http://www.slf4j.org/codes.html#StaticLoggerBinder for further details.
2025-07-28 17:22:59,835 [ERROR] LogOutputStream:74 - [STDERR_REDIRECT] Managed Build system manifest file error: Option com.st.stm32cube.ide.mcu.debug.option.cpuclock.1335955805 uses a null category that is invalid in its context. The option was ignored.
2025-07-28 17:22:59,907 [ERROR] LogOutputStream:74 - [STDERR_REDIRECT] Managed Build system manifest file error: Option com.st.stm32cube.ide.mcu.debug.option.cpuclock.1269365669 uses a null category that is invalid in its context. The option was ignored.
2025-07-28 17:23:20,625 [ERROR] LogOutputStream:74 - [STDERR_REDIRECT] Managed Build system manifest file error: Option com.st.stm32cube.ide.mcu.debug.option.cpuclock.1335955805 uses a null category that is invalid in its context. The option was ignored.
2025-07-28 17:27:39,628 [ERROR] LogOutputStream:74 - [STDERR_REDIRECT] Managed Build system manifest file error: Option com.st.stm32cube.ide.mcu.debug.option.cpuclock.1269365669 uses a null category that is invalid in its context. The option was ignored.
2025-07-28 17:27:39,632 [ERROR] LogOutputStream:74 - [STDERR_REDIRECT] Managed Build system manifest file error: Option com.st.stm32cube.ide.mcu.debug.option.cpuclock.1335955805 uses a null category that is invalid in its context. The option was ignored.
2025-07-28 17:27:50,225 [ERROR] LogOutputStream:74 - [STDERR_REDIRECT] Managed Build system manifest file error: Option com.st.stm32cube.ide.mcu.debug.option.cpuclock.1269365669 uses a null category that is invalid in its context. The option was ignored.
2025-07-28 17:27:50,229 [ERROR] LogOutputStream:74 - [STDERR_REDIRECT] Managed Build system manifest file error: Option com.st.stm32cube.ide.mcu.debug.option.cpuclock.1335955805 uses a null category that is invalid in its context. The option was ignored.
2025-07-28 17:32:44,664 [ERROR] LogOutputStream:74 - [STDERR_REDIRECT] Managed Build system manifest file error: Option com.st.stm32cube.ide.mcu.debug.option.cpuclock.1269365669 uses a null category that is invalid in its context. The option was ignored.
2025-07-28 17:32:44,667 [ERROR] LogOutputStream:74 - [STDERR_REDIRECT] Managed Build system manifest file error: Option com.st.stm32cube.ide.mcu.debug.option.cpuclock.1335955805 uses a null category that is invalid in its context. The option was ignored.
2025-07-28 17:32:50,238 [ERROR] LogOutputStream:74 - [STDERR_REDIRECT] Managed Build system manifest file error: Option com.st.stm32cube.ide.mcu.debug.option.cpuclock.1269365669 uses a null category that is invalid in its context. The option was ignored.
2025-07-28 17:32:50,242 [ERROR] LogOutputStream:74 - [STDERR_REDIRECT] Managed Build system manifest file error: Option com.st.stm32cube.ide.mcu.debug.option.cpuclock.1335955805 uses a null category that is invalid in its context. The option was ignored.
2025-07-28 20:49:41,611 [ERROR] LogOutputStream:74 - [STDERR_REDIRECT] Managed Build system manifest file error: Option com.st.stm32cube.ide.mcu.debug.option.cpuclock.1269365669 uses a null category that is invalid in its context. The option was ignored.
2025-07-28 20:49:41,642 [ERROR] LogOutputStream:74 - [STDERR_REDIRECT] Managed Build system manifest file error: Option com.st.stm32cube.ide.mcu.debug.option.cpuclock.1335955805 uses a null category that is invalid in its context. The option was ignored.
2025-07-28 20:50:00,541 [ERROR] LogOutputStream:74 - [STDERR_REDIRECT] Managed Build system manifest file error: Option com.st.stm32cube.ide.mcu.debug.option.cpuclock.1269365669 uses a null category that is invalid in its context. The option was ignored.
2025-07-28 22:07:46,206 [ERROR] LogOutputStream:74 - [STDERR_REDIRECT] Managed Build system manifest file error: Option com.st.stm32cube.ide.mcu.debug.option.cpuclock.1269365669 uses a null category that is invalid in its context. The option was ignored.
2025-07-28 22:07:46,237 [ERROR] LogOutputStream:74 - [STDERR_REDIRECT] Managed Build system manifest file error: Option com.st.stm32cube.ide.mcu.debug.option.cpuclock.1335955805 uses a null category that is invalid in its context. The option was ignored.
2025-07-28 22:08:06,608 [ERROR] LogOutputStream:74 - [STDERR_REDIRECT] Managed Build system manifest file error: Option com.st.stm32cube.ide.mcu.debug.option.cpuclock.1269365669 uses a null category that is invalid in its context. The option was ignored.
2025-07-29 09:02:57,845 [INFO] Activator:177 - 


2025-07-29 09:02:57,845 [INFO] Activator:178 - !SESSION log4j initialized
2025-07-29 09:02:58,797 [ERROR] LogOutputStream:74 - [STDERR_REDIRECT] Managed Build system manifest file error: Option com.st.stm32cube.ide.mcu.debug.option.cpuclock.1269365669 uses a null category that is invalid in its context. The option was ignored.
2025-07-29 09:02:58,938 [ERROR] LogOutputStream:74 - [STDERR_REDIRECT] Managed Build system manifest file error: Option com.st.stm32cube.ide.mcu.debug.option.cpuclock.1335955805 uses a null category that is invalid in its context. The option was ignored.
2025-07-29 09:03:03,255 [ERROR] LogOutputStream:74 - [STDERR_REDIRECT] Managed Build system manifest file error: Option com.st.stm32cube.ide.mcu.debug.option.cpuclock.2111870804 uses a null category that is invalid in its context. The option was ignored.
2025-07-29 09:03:03,271 [ERROR] LogOutputStream:74 - [STDERR_REDIRECT] Managed Build system manifest file error: Option com.st.stm32cube.ide.mcu.debug.option.cpuclock.549155501 uses a null category that is invalid in its context. The option was ignored.
2025-07-29 09:03:26,952 [ERROR] LogOutputStream:74 - [STDERR_REDIRECT] SLF4J: Failed to load class "org.slf4j.impl.StaticLoggerBinder".
2025-07-29 09:03:26,952 [ERROR] LogOutputStream:74 - [STDERR_REDIRECT] SLF4J: Defaulting to no-operation (NOP) logger implementation
2025-07-29 09:03:26,952 [ERROR] LogOutputStream:74 - [STDERR_REDIRECT] SLF4J: See http://www.slf4j.org/codes.html#StaticLoggerBinder for further details.
2025-07-29 09:09:35,866 [ERROR] LogOutputStream:74 - [STDERR_REDIRECT] Managed Build system manifest file error: Option com.st.stm32cube.ide.mcu.debug.option.cpuclock.2111870804 uses a null category that is invalid in its context. The option was ignored.
2025-07-29 09:09:35,928 [ERROR] LogOutputStream:74 - [STDERR_REDIRECT] Managed Build system manifest file error: Option com.st.stm32cube.ide.mcu.debug.option.cpuclock.549155501 uses a null category that is invalid in its context. The option was ignored.
2025-07-29 09:09:52,487 [ERROR] LogOutputStream:74 - [STDERR_REDIRECT] Managed Build system manifest file error: Option com.st.stm32cube.ide.mcu.debug.option.cpuclock.2111870804 uses a null category that is invalid in its context. The option was ignored.
2025-07-29 09:28:13,153 [ERROR] LogOutputStream:74 - [STDERR_REDIRECT] Managed Build system manifest file error: Option com.st.stm32cube.ide.mcu.debug.option.cpuclock.400080197 uses a null category that is invalid in its context. The option was ignored.
2025-07-29 09:28:13,162 [ERROR] LogOutputStream:74 - [STDERR_REDIRECT] Managed Build system manifest file error: Option com.st.stm32cube.ide.mcu.debug.option.cpuclock.452503527 uses a null category that is invalid in its context. The option was ignored.
2025-07-29 09:35:32,282 [ERROR] LogOutputStream:74 - [STDERR_REDIRECT] Managed Build system manifest file error: Option com.st.stm32cube.ide.mcu.debug.option.cpuclock.400080197 uses a null category that is invalid in its context. The option was ignored.
2025-07-29 09:35:32,310 [ERROR] LogOutputStream:74 - [STDERR_REDIRECT] Managed Build system manifest file error: Option com.st.stm32cube.ide.mcu.debug.option.cpuclock.452503527 uses a null category that is invalid in its context. The option was ignored.
2025-07-29 09:35:48,907 [ERROR] LogOutputStream:74 - [STDERR_REDIRECT] Managed Build system manifest file error: Option com.st.stm32cube.ide.mcu.debug.option.cpuclock.400080197 uses a null category that is invalid in its context. The option was ignored.
2025-07-29 09:49:31,456 [ERROR] LogOutputStream:74 - [STDERR_REDIRECT] Managed Build system manifest file error: Option com.st.stm32cube.ide.mcu.debug.option.cpuclock.400080197 uses a null category that is invalid in its context. The option was ignored.
2025-07-29 09:49:31,486 [ERROR] LogOutputStream:74 - [STDERR_REDIRECT] Managed Build system manifest file error: Option com.st.stm32cube.ide.mcu.debug.option.cpuclock.452503527 uses a null category that is invalid in its context. The option was ignored.
2025-07-29 09:49:33,715 [ERROR] LogOutputStream:74 - [STDERR_REDIRECT] Managed Build system manifest file error: Option com.st.stm32cube.ide.mcu.debug.option.cpuclock.400080197 uses a null category that is invalid in its context. The option was ignored.
2025-07-29 12:54:56,600 [INFO] Activator:177 - 


2025-07-29 12:54:56,613 [INFO] Activator:178 - !SESSION log4j initialized
2025-07-29 12:54:57,267 [ERROR] LogOutputStream:74 - [STDERR_REDIRECT] Managed Build system manifest file error: Option com.st.stm32cube.ide.mcu.debug.option.cpuclock.400080197 uses a null category that is invalid in its context. The option was ignored.
2025-07-29 12:54:57,401 [ERROR] LogOutputStream:74 - [STDERR_REDIRECT] Managed Build system manifest file error: Option com.st.stm32cube.ide.mcu.debug.option.cpuclock.452503527 uses a null category that is invalid in its context. The option was ignored.
2025-07-29 12:54:59,295 [ERROR] LogOutputStream:74 - [STDERR_REDIRECT] Managed Build system manifest file error: Option com.st.stm32cube.ide.mcu.debug.option.cpuclock.2111870804 uses a null category that is invalid in its context. The option was ignored.
2025-07-29 12:54:59,348 [ERROR] LogOutputStream:74 - [STDERR_REDIRECT] Managed Build system manifest file error: Option com.st.stm32cube.ide.mcu.debug.option.cpuclock.549155501 uses a null category that is invalid in its context. The option was ignored.
2025-07-29 12:54:59,415 [ERROR] LogOutputStream:74 - [STDERR_REDIRECT] Managed Build system manifest file error: Option com.st.stm32cube.ide.mcu.debug.option.cpuclock.1269365669 uses a null category that is invalid in its context. The option was ignored.
2025-07-29 12:54:59,470 [ERROR] LogOutputStream:74 - [STDERR_REDIRECT] Managed Build system manifest file error: Option com.st.stm32cube.ide.mcu.debug.option.cpuclock.1335955805 uses a null category that is invalid in its context. The option was ignored.
2025-07-29 12:55:04,071 [ERROR] LogOutputStream:74 - [STDERR_REDIRECT] Managed Build system manifest file error: Option com.st.stm32cube.ide.mcu.debug.option.cpuclock.1756460649 uses a null category that is invalid in its context. The option was ignored.
2025-07-29 12:55:04,084 [ERROR] LogOutputStream:74 - [STDERR_REDIRECT] Managed Build system manifest file error: Option com.st.stm32cube.ide.mcu.debug.option.cpuclock.555835902 uses a null category that is invalid in its context. The option was ignored.
2025-07-29 12:56:49,859 [ERROR] LogOutputStream:74 - [STDERR_REDIRECT] SLF4J: Failed to load class "org.slf4j.impl.StaticLoggerBinder".
2025-07-29 12:56:49,868 [ERROR] LogOutputStream:74 - [STDERR_REDIRECT] SLF4J: Defaulting to no-operation (NOP) logger implementation
2025-07-29 12:56:49,869 [ERROR] LogOutputStream:74 - [STDERR_REDIRECT] SLF4J: See http://www.slf4j.org/codes.html#StaticLoggerBinder for further details.
2025-07-29 13:03:34,306 [ERROR] LogOutputStream:74 - [STDERR_REDIRECT] Managed Build system manifest file error: Option com.st.stm32cube.ide.mcu.debug.option.cpuclock.1744414761 uses a null category that is invalid in its context. The option was ignored.
2025-07-29 13:03:34,324 [ERROR] LogOutputStream:74 - [STDERR_REDIRECT] Managed Build system manifest file error: Option com.st.stm32cube.ide.mcu.debug.option.cpuclock.391445986 uses a null category that is invalid in its context. The option was ignored.
2025-07-29 13:10:30,965 [ERROR] LogOutputStream:74 - [STDERR_REDIRECT] Managed Build system manifest file error: Option com.st.stm32cube.ide.mcu.debug.option.cpuclock.1744414761 uses a null category that is invalid in its context. The option was ignored.
2025-07-29 13:10:31,031 [ERROR] LogOutputStream:74 - [STDERR_REDIRECT] Managed Build system manifest file error: Option com.st.stm32cube.ide.mcu.debug.option.cpuclock.391445986 uses a null category that is invalid in its context. The option was ignored.
2025-07-29 13:10:57,636 [ERROR] LogOutputStream:74 - [STDERR_REDIRECT] Managed Build system manifest file error: Option com.st.stm32cube.ide.mcu.debug.option.cpuclock.1744414761 uses a null category that is invalid in its context. The option was ignored.
2025-07-29 13:15:08,121 [ERROR] LogOutputStream:74 - [STDERR_REDIRECT] Managed Build system manifest file error: Option com.st.stm32cube.ide.mcu.debug.option.cpuclock.1545274286 uses a null category that is invalid in its context. The option was ignored.
2025-07-29 13:15:08,130 [ERROR] LogOutputStream:74 - [STDERR_REDIRECT] Managed Build system manifest file error: Option com.st.stm32cube.ide.mcu.debug.option.cpuclock.957969984 uses a null category that is invalid in its context. The option was ignored.
2025-07-29 13:29:29,618 [ERROR] LogOutputStream:74 - [STDERR_REDIRECT] Managed Build system manifest file error: Option com.st.stm32cube.ide.mcu.debug.option.cpuclock.1540504926 uses a null category that is invalid in its context. The option was ignored.
2025-07-29 13:29:29,626 [ERROR] LogOutputStream:74 - [STDERR_REDIRECT] Managed Build system manifest file error: Option com.st.stm32cube.ide.mcu.debug.option.cpuclock.686517586 uses a null category that is invalid in its context. The option was ignored.
2025-07-29 13:34:05,649 [ERROR] LogOutputStream:74 - [STDERR_REDIRECT] Managed Build system manifest file error: Option com.st.stm32cube.ide.mcu.debug.option.cpuclock.1540504926 uses a null category that is invalid in its context. The option was ignored.
2025-07-29 13:34:05,675 [ERROR] LogOutputStream:74 - [STDERR_REDIRECT] Managed Build system manifest file error: Option com.st.stm32cube.ide.mcu.debug.option.cpuclock.686517586 uses a null category that is invalid in its context. The option was ignored.
2025-07-29 13:34:21,558 [ERROR] LogOutputStream:74 - [STDERR_REDIRECT] Managed Build system manifest file error: Option com.st.stm32cube.ide.mcu.debug.option.cpuclock.1540504926 uses a null category that is invalid in its context. The option was ignored.
2025-07-29 13:41:21,373 [ERROR] LogOutputStream:74 - [STDERR_REDIRECT] Managed Build system manifest file error: Option com.st.stm32cube.ide.mcu.debug.option.cpuclock.1297077933 uses a null category that is invalid in its context. The option was ignored.
2025-07-29 13:41:21,381 [ERROR] LogOutputStream:74 - [STDERR_REDIRECT] Managed Build system manifest file error: Option com.st.stm32cube.ide.mcu.debug.option.cpuclock.423796306 uses a null category that is invalid in its context. The option was ignored.
2025-08-03 10:07:21,849 [INFO] Activator:177 - 


2025-08-03 10:07:21,850 [INFO] Activator:178 - !SESSION log4j initialized
2025-08-03 10:07:23,000 [ERROR] LogOutputStream:74 - [STDERR_REDIRECT] Managed Build system manifest file error: Option com.st.stm32cube.ide.mcu.debug.option.cpuclock.1545274286 uses a null category that is invalid in its context. The option was ignored.
2025-08-03 10:07:23,140 [ERROR] LogOutputStream:74 - [STDERR_REDIRECT] Managed Build system manifest file error: Option com.st.stm32cube.ide.mcu.debug.option.cpuclock.957969984 uses a null category that is invalid in its context. The option was ignored.
2025-08-03 10:07:24,258 [ERROR] LogOutputStream:74 - [STDERR_REDIRECT] Managed Build system manifest file error: Option com.st.stm32cube.ide.mcu.debug.option.cpuclock.1744414761 uses a null category that is invalid in its context. The option was ignored.
2025-08-03 10:07:24,285 [ERROR] LogOutputStream:74 - [STDERR_REDIRECT] Managed Build system manifest file error: Option com.st.stm32cube.ide.mcu.debug.option.cpuclock.391445986 uses a null category that is invalid in its context. The option was ignored.
2025-08-03 10:07:24,358 [ERROR] LogOutputStream:74 - [STDERR_REDIRECT] Managed Build system manifest file error: Option com.st.stm32cube.ide.mcu.debug.option.cpuclock.1297077933 uses a null category that is invalid in its context. The option was ignored.
2025-08-03 10:07:24,378 [ERROR] LogOutputStream:74 - [STDERR_REDIRECT] Managed Build system manifest file error: Option com.st.stm32cube.ide.mcu.debug.option.cpuclock.423796306 uses a null category that is invalid in its context. The option was ignored.
2025-08-03 10:07:24,443 [ERROR] LogOutputStream:74 - [STDERR_REDIRECT] Managed Build system manifest file error: Option com.st.stm32cube.ide.mcu.debug.option.cpuclock.400080197 uses a null category that is invalid in its context. The option was ignored.
2025-08-03 10:07:24,477 [ERROR] LogOutputStream:74 - [STDERR_REDIRECT] Managed Build system manifest file error: Option com.st.stm32cube.ide.mcu.debug.option.cpuclock.452503527 uses a null category that is invalid in its context. The option was ignored.
2025-08-03 10:07:24,540 [ERROR] LogOutputStream:74 - [STDERR_REDIRECT] Managed Build system manifest file error: Option com.st.stm32cube.ide.mcu.debug.option.cpuclock.1540504926 uses a null category that is invalid in its context. The option was ignored.
2025-08-03 10:07:24,560 [ERROR] LogOutputStream:74 - [STDERR_REDIRECT] Managed Build system manifest file error: Option com.st.stm32cube.ide.mcu.debug.option.cpuclock.686517586 uses a null category that is invalid in its context. The option was ignored.
2025-08-03 10:07:24,631 [ERROR] LogOutputStream:74 - [STDERR_REDIRECT] Managed Build system manifest file error: Option com.st.stm32cube.ide.mcu.debug.option.cpuclock.2111870804 uses a null category that is invalid in its context. The option was ignored.
2025-08-03 10:07:24,651 [ERROR] LogOutputStream:74 - [STDERR_REDIRECT] Managed Build system manifest file error: Option com.st.stm32cube.ide.mcu.debug.option.cpuclock.549155501 uses a null category that is invalid in its context. The option was ignored.
2025-08-03 10:07:24,710 [ERROR] LogOutputStream:74 - [STDERR_REDIRECT] Managed Build system manifest file error: Option com.st.stm32cube.ide.mcu.debug.option.cpuclock.1269365669 uses a null category that is invalid in its context. The option was ignored.
2025-08-03 10:07:24,731 [ERROR] LogOutputStream:74 - [STDERR_REDIRECT] Managed Build system manifest file error: Option com.st.stm32cube.ide.mcu.debug.option.cpuclock.1335955805 uses a null category that is invalid in its context. The option was ignored.
2025-08-03 10:07:33,576 [ERROR] LogOutputStream:74 - [STDERR_REDIRECT] Managed Build system manifest file error: Option com.st.stm32cube.ide.mcu.debug.option.cpuclock.1848780423 uses a null category that is invalid in its context. The option was ignored.
2025-08-03 10:07:33,593 [ERROR] LogOutputStream:74 - [STDERR_REDIRECT] Managed Build system manifest file error: Option com.st.stm32cube.ide.mcu.debug.option.cpuclock.2036242949 uses a null category that is invalid in its context. The option was ignored.
2025-08-03 10:08:09,140 [ERROR] LogOutputStream:74 - [STDERR_REDIRECT] SLF4J: Failed to load class "org.slf4j.impl.StaticLoggerBinder".
2025-08-03 10:08:09,141 [ERROR] LogOutputStream:74 - [STDERR_REDIRECT] SLF4J: Defaulting to no-operation (NOP) logger implementation
2025-08-03 10:08:09,142 [ERROR] LogOutputStream:74 - [STDERR_REDIRECT] SLF4J: See http://www.slf4j.org/codes.html#StaticLoggerBinder for further details.
2025-08-03 10:15:32,723 [ERROR] LogOutputStream:74 - [STDERR_REDIRECT] Managed Build system manifest file error: Option com.st.stm32cube.ide.mcu.debug.option.cpuclock.1848780423 uses a null category that is invalid in its context. The option was ignored.
2025-08-03 10:15:32,793 [ERROR] LogOutputStream:74 - [STDERR_REDIRECT] Managed Build system manifest file error: Option com.st.stm32cube.ide.mcu.debug.option.cpuclock.2036242949 uses a null category that is invalid in its context. The option was ignored.
2025-08-03 10:15:48,454 [ERROR] LogOutputStream:74 - [STDERR_REDIRECT] Managed Build system manifest file error: Option com.st.stm32cube.ide.mcu.debug.option.cpuclock.1848780423 uses a null category that is invalid in its context. The option was ignored.
2025-08-03 10:19:47,849 [ERROR] LogOutputStream:74 - [STDERR_REDIRECT] Managed Build system manifest file error: Option com.st.stm32cube.ide.mcu.debug.option.cpuclock.1848780423 uses a null category that is invalid in its context. The option was ignored.
2025-08-03 10:19:47,857 [ERROR] LogOutputStream:74 - [STDERR_REDIRECT] Managed Build system manifest file error: Option com.st.stm32cube.ide.mcu.debug.option.cpuclock.2036242949 uses a null category that is invalid in its context. The option was ignored.
2025-08-03 13:46:59,540 [INFO] Activator:177 - 


2025-08-03 13:46:59,541 [INFO] Activator:178 - !SESSION log4j initialized
2025-08-03 13:47:00,270 [ERROR] LogOutputStream:74 - [STDERR_REDIRECT] Managed Build system manifest file error: Option com.st.stm32cube.ide.mcu.debug.option.cpuclock.1848780423 uses a null category that is invalid in its context. The option was ignored.
2025-08-03 13:47:00,396 [ERROR] LogOutputStream:74 - [STDERR_REDIRECT] Managed Build system manifest file error: Option com.st.stm32cube.ide.mcu.debug.option.cpuclock.2036242949 uses a null category that is invalid in its context. The option was ignored.
2025-08-03 13:47:02,021 [ERROR] LogOutputStream:74 - [STDERR_REDIRECT] Managed Build system manifest file error: Option com.st.stm32cube.ide.mcu.debug.option.cpuclock.1545274286 uses a null category that is invalid in its context. The option was ignored.
2025-08-03 13:47:02,041 [ERROR] LogOutputStream:74 - [STDERR_REDIRECT] Managed Build system manifest file error: Option com.st.stm32cube.ide.mcu.debug.option.cpuclock.957969984 uses a null category that is invalid in its context. The option was ignored.
2025-08-03 13:47:02,091 [ERROR] LogOutputStream:74 - [STDERR_REDIRECT] Managed Build system manifest file error: Option com.st.stm32cube.ide.mcu.debug.option.cpuclock.1744414761 uses a null category that is invalid in its context. The option was ignored.
2025-08-03 13:47:02,121 [ERROR] LogOutputStream:74 - [STDERR_REDIRECT] Managed Build system manifest file error: Option com.st.stm32cube.ide.mcu.debug.option.cpuclock.391445986 uses a null category that is invalid in its context. The option was ignored.
2025-08-03 13:47:02,158 [ERROR] LogOutputStream:74 - [STDERR_REDIRECT] Managed Build system manifest file error: Option com.st.stm32cube.ide.mcu.debug.option.cpuclock.1297077933 uses a null category that is invalid in its context. The option was ignored.
2025-08-03 13:47:02,189 [ERROR] LogOutputStream:74 - [STDERR_REDIRECT] Managed Build system manifest file error: Option com.st.stm32cube.ide.mcu.debug.option.cpuclock.423796306 uses a null category that is invalid in its context. The option was ignored.
2025-08-03 13:47:02,246 [ERROR] LogOutputStream:74 - [STDERR_REDIRECT] Managed Build system manifest file error: Option com.st.stm32cube.ide.mcu.debug.option.cpuclock.400080197 uses a null category that is invalid in its context. The option was ignored.
2025-08-03 13:47:02,280 [ERROR] LogOutputStream:74 - [STDERR_REDIRECT] Managed Build system manifest file error: Option com.st.stm32cube.ide.mcu.debug.option.cpuclock.452503527 uses a null category that is invalid in its context. The option was ignored.
2025-08-03 13:47:02,335 [ERROR] LogOutputStream:74 - [STDERR_REDIRECT] Managed Build system manifest file error: Option com.st.stm32cube.ide.mcu.debug.option.cpuclock.1540504926 uses a null category that is invalid in its context. The option was ignored.
2025-08-03 13:47:02,355 [ERROR] LogOutputStream:74 - [STDERR_REDIRECT] Managed Build system manifest file error: Option com.st.stm32cube.ide.mcu.debug.option.cpuclock.686517586 uses a null category that is invalid in its context. The option was ignored.
2025-08-03 13:47:02,422 [ERROR] LogOutputStream:74 - [STDERR_REDIRECT] Managed Build system manifest file error: Option com.st.stm32cube.ide.mcu.debug.option.cpuclock.2111870804 uses a null category that is invalid in its context. The option was ignored.
2025-08-03 13:47:02,442 [ERROR] LogOutputStream:74 - [STDERR_REDIRECT] Managed Build system manifest file error: Option com.st.stm32cube.ide.mcu.debug.option.cpuclock.549155501 uses a null category that is invalid in its context. The option was ignored.
2025-08-03 13:47:02,476 [ERROR] LogOutputStream:74 - [STDERR_REDIRECT] Managed Build system manifest file error: Option com.st.stm32cube.ide.mcu.debug.option.cpuclock.1269365669 uses a null category that is invalid in its context. The option was ignored.
2025-08-03 13:47:02,509 [ERROR] LogOutputStream:74 - [STDERR_REDIRECT] Managed Build system manifest file error: Option com.st.stm32cube.ide.mcu.debug.option.cpuclock.1335955805 uses a null category that is invalid in its context. The option was ignored.
2025-08-03 13:47:04,232 [ERROR] LogOutputStream:74 - [STDERR_REDIRECT] Managed Build system manifest file error: Option com.st.stm32cube.ide.mcu.debug.option.cpuclock.824216397 uses a null category that is invalid in its context. The option was ignored.
2025-08-03 13:47:04,251 [ERROR] LogOutputStream:74 - [STDERR_REDIRECT] Managed Build system manifest file error: Option com.st.stm32cube.ide.mcu.debug.option.cpuclock.70561502 uses a null category that is invalid in its context. The option was ignored.
2025-08-03 13:47:25,992 [ERROR] LogOutputStream:74 - [STDERR_REDIRECT] SLF4J: Failed to load class "org.slf4j.impl.StaticLoggerBinder".
2025-08-03 13:47:25,993 [ERROR] LogOutputStream:74 - [STDERR_REDIRECT] SLF4J: Defaulting to no-operation (NOP) logger implementation
2025-08-03 13:47:25,994 [ERROR] LogOutputStream:74 - [STDERR_REDIRECT] SLF4J: See http://www.slf4j.org/codes.html#StaticLoggerBinder for further details.
2025-08-03 13:54:44,210 [ERROR] LogOutputStream:74 - [STDERR_REDIRECT] Managed Build system manifest file error: Option com.st.stm32cube.ide.mcu.debug.option.cpuclock.824216397 uses a null category that is invalid in its context. The option was ignored.
2025-08-03 13:54:44,280 [ERROR] LogOutputStream:74 - [STDERR_REDIRECT] Managed Build system manifest file error: Option com.st.stm32cube.ide.mcu.debug.option.cpuclock.70561502 uses a null category that is invalid in its context. The option was ignored.
2025-08-03 13:54:59,679 [ERROR] LogOutputStream:74 - [STDERR_REDIRECT] Managed Build system manifest file error: Option com.st.stm32cube.ide.mcu.debug.option.cpuclock.824216397 uses a null category that is invalid in its context. The option was ignored.
2025-08-03 14:30:04,118 [ERROR] LogOutputStream:74 - [STDERR_REDIRECT] Managed Build system manifest file error: Option com.st.stm32cube.ide.mcu.debug.option.cpuclock.2057177058 uses a null category that is invalid in its context. The option was ignored.
2025-08-03 14:30:04,127 [ERROR] LogOutputStream:74 - [STDERR_REDIRECT] Managed Build system manifest file error: Option com.st.stm32cube.ide.mcu.debug.option.cpuclock.412920217 uses a null category that is invalid in its context. The option was ignored.
2025-08-03 14:45:14,638 [ERROR] LogOutputStream:74 - [STDERR_REDIRECT] Managed Build system manifest file error: Option com.st.stm32cube.ide.mcu.debug.option.cpuclock.2057177058 uses a null category that is invalid in its context. The option was ignored.
2025-08-03 14:45:14,667 [ERROR] LogOutputStream:74 - [STDERR_REDIRECT] Managed Build system manifest file error: Option com.st.stm32cube.ide.mcu.debug.option.cpuclock.412920217 uses a null category that is invalid in its context. The option was ignored.
2025-08-03 14:45:29,231 [ERROR] LogOutputStream:74 - [STDERR_REDIRECT] Managed Build system manifest file error: Option com.st.stm32cube.ide.mcu.debug.option.cpuclock.2057177058 uses a null category that is invalid in its context. The option was ignored.
2025-08-05 21:35:38,589 [INFO] Activator:177 - 


2025-08-05 21:35:38,589 [INFO] Activator:178 - !SESSION log4j initialized
2025-08-05 21:35:39,714 [ERROR] LogOutputStream:74 - [STDERR_REDIRECT] Managed Build system manifest file error: Option com.st.stm32cube.ide.mcu.debug.option.cpuclock.824216397 uses a null category that is invalid in its context. The option was ignored.
2025-08-05 21:35:39,869 [ERROR] LogOutputStream:74 - [STDERR_REDIRECT] Managed Build system manifest file error: Option com.st.stm32cube.ide.mcu.debug.option.cpuclock.70561502 uses a null category that is invalid in its context. The option was ignored.
2025-08-05 21:35:40,894 [ERROR] LogOutputStream:74 - [STDERR_REDIRECT] Managed Build system manifest file error: Option com.st.stm32cube.ide.mcu.debug.option.cpuclock.1545274286 uses a null category that is invalid in its context. The option was ignored.
2025-08-05 21:35:40,905 [ERROR] LogOutputStream:74 - [STDERR_REDIRECT] Managed Build system manifest file error: Option com.st.stm32cube.ide.mcu.debug.option.cpuclock.957969984 uses a null category that is invalid in its context. The option was ignored.
2025-08-05 21:35:40,967 [ERROR] LogOutputStream:74 - [STDERR_REDIRECT] Managed Build system manifest file error: Option com.st.stm32cube.ide.mcu.debug.option.cpuclock.1744414761 uses a null category that is invalid in its context. The option was ignored.
2025-08-05 21:35:40,999 [ERROR] LogOutputStream:74 - [STDERR_REDIRECT] Managed Build system manifest file error: Option com.st.stm32cube.ide.mcu.debug.option.cpuclock.391445986 uses a null category that is invalid in its context. The option was ignored.
2025-08-05 21:35:41,046 [ERROR] LogOutputStream:74 - [STDERR_REDIRECT] Managed Build system manifest file error: Option com.st.stm32cube.ide.mcu.debug.option.cpuclock.2057177058 uses a null category that is invalid in its context. The option was ignored.
2025-08-05 21:35:41,077 [ERROR] LogOutputStream:74 - [STDERR_REDIRECT] Managed Build system manifest file error: Option com.st.stm32cube.ide.mcu.debug.option.cpuclock.412920217 uses a null category that is invalid in its context. The option was ignored.
2025-08-05 21:35:41,139 [ERROR] LogOutputStream:74 - [STDERR_REDIRECT] Managed Build system manifest file error: Option com.st.stm32cube.ide.mcu.debug.option.cpuclock.1297077933 uses a null category that is invalid in its context. The option was ignored.
2025-08-05 21:35:41,155 [ERROR] LogOutputStream:74 - [STDERR_REDIRECT] Managed Build system manifest file error: Option com.st.stm32cube.ide.mcu.debug.option.cpuclock.423796306 uses a null category that is invalid in its context. The option was ignored.
2025-08-05 21:35:41,202 [ERROR] LogOutputStream:74 - [STDERR_REDIRECT] Managed Build system manifest file error: Option com.st.stm32cube.ide.mcu.debug.option.cpuclock.400080197 uses a null category that is invalid in its context. The option was ignored.
2025-08-05 21:35:41,233 [ERROR] LogOutputStream:74 - [STDERR_REDIRECT] Managed Build system manifest file error: Option com.st.stm32cube.ide.mcu.debug.option.cpuclock.452503527 uses a null category that is invalid in its context. The option was ignored.
2025-08-05 21:35:41,296 [ERROR] LogOutputStream:74 - [STDERR_REDIRECT] Managed Build system manifest file error: Option com.st.stm32cube.ide.mcu.debug.option.cpuclock.1540504926 uses a null category that is invalid in its context. The option was ignored.
2025-08-05 21:35:41,311 [ERROR] LogOutputStream:74 - [STDERR_REDIRECT] Managed Build system manifest file error: Option com.st.stm32cube.ide.mcu.debug.option.cpuclock.686517586 uses a null category that is invalid in its context. The option was ignored.
2025-08-05 21:35:41,358 [ERROR] LogOutputStream:74 - [STDERR_REDIRECT] Managed Build system manifest file error: Option com.st.stm32cube.ide.mcu.debug.option.cpuclock.2111870804 uses a null category that is invalid in its context. The option was ignored.
2025-08-05 21:35:41,391 [ERROR] LogOutputStream:74 - [STDERR_REDIRECT] Managed Build system manifest file error: Option com.st.stm32cube.ide.mcu.debug.option.cpuclock.549155501 uses a null category that is invalid in its context. The option was ignored.
2025-08-05 21:35:41,436 [ERROR] LogOutputStream:74 - [STDERR_REDIRECT] Managed Build system manifest file error: Option com.st.stm32cube.ide.mcu.debug.option.cpuclock.1848780423 uses a null category that is invalid in its context. The option was ignored.
2025-08-05 21:35:41,451 [ERROR] LogOutputStream:74 - [STDERR_REDIRECT] Managed Build system manifest file error: Option com.st.stm32cube.ide.mcu.debug.option.cpuclock.2036242949 uses a null category that is invalid in its context. The option was ignored.
2025-08-05 21:35:41,498 [ERROR] LogOutputStream:74 - [STDERR_REDIRECT] Managed Build system manifest file error: Option com.st.stm32cube.ide.mcu.debug.option.cpuclock.1269365669 uses a null category that is invalid in its context. The option was ignored.
2025-08-05 21:35:41,514 [ERROR] LogOutputStream:74 - [STDERR_REDIRECT] Managed Build system manifest file error: Option com.st.stm32cube.ide.mcu.debug.option.cpuclock.1335955805 uses a null category that is invalid in its context. The option was ignored.
2025-08-05 21:36:11,825 [ERROR] LogOutputStream:74 - [STDERR_REDIRECT] Managed Build system manifest file error: Option com.st.stm32cube.ide.mcu.debug.option.cpuclock.1545274286 uses a null category that is invalid in its context. The option was ignored.
2025-08-05 21:36:11,856 [ERROR] LogOutputStream:74 - [STDERR_REDIRECT] Managed Build system manifest file error: Option com.st.stm32cube.ide.mcu.debug.option.cpuclock.957969984 uses a null category that is invalid in its context. The option was ignored.
2025-08-05 21:36:13,241 [ERROR] LogOutputStream:74 - [STDERR_REDIRECT] SLF4J: Failed to load class "org.slf4j.impl.StaticLoggerBinder".
2025-08-05 21:36:13,241 [ERROR] LogOutputStream:74 - [STDERR_REDIRECT] SLF4J: Defaulting to no-operation (NOP) logger implementation
2025-08-05 21:36:13,241 [ERROR] LogOutputStream:74 - [STDERR_REDIRECT] SLF4J: See http://www.slf4j.org/codes.html#StaticLoggerBinder for further details.
2025-08-05 21:36:15,101 [ERROR] LogOutputStream:74 - [STDERR_REDIRECT] Managed Build system manifest file error: Option com.st.stm32cube.ide.mcu.debug.option.cpuclock.1744414761 uses a null category that is invalid in its context. The option was ignored.
2025-08-05 21:36:15,116 [ERROR] LogOutputStream:74 - [STDERR_REDIRECT] Managed Build system manifest file error: Option com.st.stm32cube.ide.mcu.debug.option.cpuclock.391445986 uses a null category that is invalid in its context. The option was ignored.
2025-08-05 21:36:20,012 [ERROR] LogOutputStream:74 - [STDERR_REDIRECT] Managed Build system manifest file error: Option com.st.stm32cube.ide.mcu.debug.option.cpuclock.1297077933 uses a null category that is invalid in its context. The option was ignored.
2025-08-05 21:36:20,012 [ERROR] LogOutputStream:74 - [STDERR_REDIRECT] Managed Build system manifest file error: Option com.st.stm32cube.ide.mcu.debug.option.cpuclock.423796306 uses a null category that is invalid in its context. The option was ignored.
2025-08-05 21:36:23,653 [ERROR] LogOutputStream:74 - [STDERR_REDIRECT] Managed Build system manifest file error: Option com.st.stm32cube.ide.mcu.debug.option.cpuclock.400080197 uses a null category that is invalid in its context. The option was ignored.
2025-08-05 21:36:23,669 [ERROR] LogOutputStream:74 - [STDERR_REDIRECT] Managed Build system manifest file error: Option com.st.stm32cube.ide.mcu.debug.option.cpuclock.452503527 uses a null category that is invalid in its context. The option was ignored.
2025-08-05 21:36:26,651 [ERROR] LogOutputStream:74 - [STDERR_REDIRECT] Managed Build system manifest file error: Option com.st.stm32cube.ide.mcu.debug.option.cpuclock.1540504926 uses a null category that is invalid in its context. The option was ignored.
2025-08-05 21:36:26,667 [ERROR] LogOutputStream:74 - [STDERR_REDIRECT] Managed Build system manifest file error: Option com.st.stm32cube.ide.mcu.debug.option.cpuclock.686517586 uses a null category that is invalid in its context. The option was ignored.
2025-08-05 21:36:29,602 [ERROR] LogOutputStream:74 - [STDERR_REDIRECT] Managed Build system manifest file error: Option com.st.stm32cube.ide.mcu.debug.option.cpuclock.2111870804 uses a null category that is invalid in its context. The option was ignored.
2025-08-05 21:36:29,602 [ERROR] LogOutputStream:74 - [STDERR_REDIRECT] Managed Build system manifest file error: Option com.st.stm32cube.ide.mcu.debug.option.cpuclock.549155501 uses a null category that is invalid in its context. The option was ignored.
2025-08-05 21:36:32,401 [ERROR] LogOutputStream:74 - [STDERR_REDIRECT] Managed Build system manifest file error: Option com.st.stm32cube.ide.mcu.debug.option.cpuclock.1848780423 uses a null category that is invalid in its context. The option was ignored.
2025-08-05 21:36:32,417 [ERROR] LogOutputStream:74 - [STDERR_REDIRECT] Managed Build system manifest file error: Option com.st.stm32cube.ide.mcu.debug.option.cpuclock.2036242949 uses a null category that is invalid in its context. The option was ignored.
2025-08-05 21:37:25,878 [ERROR] LogOutputStream:74 - [STDERR_REDIRECT] Managed Build system manifest file error: Option com.st.stm32cube.ide.mcu.debug.option.cpuclock.1848780423 uses a null category that is invalid in its context. The option was ignored.
2025-08-05 21:37:25,887 [ERROR] LogOutputStream:74 - [STDERR_REDIRECT] Managed Build system manifest file error: Option com.st.stm32cube.ide.mcu.debug.option.cpuclock.2036242949 uses a null category that is invalid in its context. The option was ignored.
2025-08-17 21:14:57,934 [INFO] Activator:177 - 


2025-08-17 21:14:57,935 [INFO] Activator:178 - !SESSION log4j initialized
2025-08-17 21:14:58,642 [ERROR] LogOutputStream:74 - [STDERR_REDIRECT] Managed Build system manifest file error: Option com.st.stm32cube.ide.mcu.debug.option.cpuclock.1848780423 uses a null category that is invalid in its context. The option was ignored.
2025-08-17 21:14:58,784 [ERROR] LogOutputStream:74 - [STDERR_REDIRECT] Managed Build system manifest file error: Option com.st.stm32cube.ide.mcu.debug.option.cpuclock.2036242949 uses a null category that is invalid in its context. The option was ignored.
2025-08-17 21:15:00,717 [ERROR] LogOutputStream:74 - [STDERR_REDIRECT] Managed Build system manifest file error: Option com.st.stm32cube.ide.mcu.debug.option.cpuclock.1269365669 uses a null category that is invalid in its context. The option was ignored.
2025-08-17 21:15:00,744 [ERROR] LogOutputStream:74 - [STDERR_REDIRECT] Managed Build system manifest file error: Option com.st.stm32cube.ide.mcu.debug.option.cpuclock.1335955805 uses a null category that is invalid in its context. The option was ignored.
2025-08-17 21:15:07,415 [ERROR] LogOutputStream:74 - [STDERR_REDIRECT] Managed Build system manifest file error: Option com.st.stm32cube.ide.mcu.debug.option.cpuclock.1540504926 uses a null category that is invalid in its context. The option was ignored.
2025-08-17 21:15:07,424 [ERROR] LogOutputStream:74 - [STDERR_REDIRECT] Managed Build system manifest file error: Option com.st.stm32cube.ide.mcu.debug.option.cpuclock.686517586 uses a null category that is invalid in its context. The option was ignored.
2025-08-17 21:15:16,141 [ERROR] LogOutputStream:74 - [STDERR_REDIRECT] Managed Build system manifest file error: Option com.st.stm32cube.ide.mcu.debug.option.cpuclock.1848780423 uses a null category that is invalid in its context. The option was ignored.
2025-08-17 21:15:16,164 [ERROR] LogOutputStream:74 - [STDERR_REDIRECT] Managed Build system manifest file error: Option com.st.stm32cube.ide.mcu.debug.option.cpuclock.2036242949 uses a null category that is invalid in its context. The option was ignored.
2025-08-17 21:15:18,539 [ERROR] LogOutputStream:74 - [STDERR_REDIRECT] Managed Build system manifest file error: Option com.st.stm32cube.ide.mcu.debug.option.cpuclock.1269365669 uses a null category that is invalid in its context. The option was ignored.
2025-08-17 21:15:18,551 [ERROR] LogOutputStream:74 - [STDERR_REDIRECT] Managed Build system manifest file error: Option com.st.stm32cube.ide.mcu.debug.option.cpuclock.1335955805 uses a null category that is invalid in its context. The option was ignored.
2025-08-17 21:15:28,147 [ERROR] LogOutputStream:74 - [STDERR_REDIRECT] SLF4J: Failed to load class "org.slf4j.impl.StaticLoggerBinder".
2025-08-17 21:15:28,148 [ERROR] LogOutputStream:74 - [STDERR_REDIRECT] SLF4J: Defaulting to no-operation (NOP) logger implementation
2025-08-17 21:15:28,149 [ERROR] LogOutputStream:74 - [STDERR_REDIRECT] SLF4J: See http://www.slf4j.org/codes.html#StaticLoggerBinder for further details.
2025-08-17 21:53:00,220 [ERROR] LogOutputStream:74 - [STDERR_REDIRECT] Managed Build system manifest file error: Option com.st.stm32cube.ide.mcu.debug.option.cpuclock.1269365669 uses a null category that is invalid in its context. The option was ignored.
2025-08-17 21:53:00,231 [ERROR] LogOutputStream:74 - [STDERR_REDIRECT] Managed Build system manifest file error: Option com.st.stm32cube.ide.mcu.debug.option.cpuclock.1335955805 uses a null category that is invalid in its context. The option was ignored.
2025-08-17 22:12:44,051 [ERROR] LogOutputStream:74 - [STDERR_REDIRECT] Managed Build system manifest file error: Option com.st.stm32cube.ide.mcu.debug.option.cpuclock.1540504926 uses a null category that is invalid in its context. The option was ignored.
2025-08-17 22:12:44,123 [ERROR] LogOutputStream:74 - [STDERR_REDIRECT] Managed Build system manifest file error: Option com.st.stm32cube.ide.mcu.debug.option.cpuclock.686517586 uses a null category that is invalid in its context. The option was ignored.
2025-08-17 22:12:57,480 [ERROR] LogOutputStream:74 - [STDERR_REDIRECT] Managed Build system manifest file error: Option com.st.stm32cube.ide.mcu.debug.option.cpuclock.1540504926 uses a null category that is invalid in its context. The option was ignored.
2025-08-17 22:26:09,930 [ERROR] LogOutputStream:74 - [STDERR_REDIRECT] Managed Build system manifest file error: Option com.st.stm32cube.ide.mcu.debug.option.cpuclock.1540504926 uses a null category that is invalid in its context. The option was ignored.
2025-08-17 22:26:09,940 [ERROR] LogOutputStream:74 - [STDERR_REDIRECT] Managed Build system manifest file error: Option com.st.stm32cube.ide.mcu.debug.option.cpuclock.686517586 uses a null category that is invalid in its context. The option was ignored.
2025-08-17 22:27:59,662 [ERROR] LogOutputStream:74 - [STDERR_REDIRECT] Managed Build system manifest file error: Option com.st.stm32cube.ide.mcu.debug.option.cpuclock.1540504926 uses a null category that is invalid in its context. The option was ignored.
2025-08-17 22:27:59,699 [ERROR] LogOutputStream:74 - [STDERR_REDIRECT] Managed Build system manifest file error: Option com.st.stm32cube.ide.mcu.debug.option.cpuclock.686517586 uses a null category that is invalid in its context. The option was ignored.
2025-08-17 22:28:07,171 [ERROR] LogOutputStream:74 - [STDERR_REDIRECT] Managed Build system manifest file error: Option com.st.stm32cube.ide.mcu.debug.option.cpuclock.1540504926 uses a null category that is invalid in its context. The option was ignored.
2025-09-06 11:34:46,994 [INFO] Activator:177 - 


2025-09-06 11:34:46,994 [INFO] Activator:178 - !SESSION log4j initialized
2025-09-06 11:34:47,727 [ERROR] LogOutputStream:74 - [STDERR_REDIRECT] Managed Build system manifest file error: Option com.st.stm32cube.ide.mcu.debug.option.cpuclock.1540504926 uses a null category that is invalid in its context. The option was ignored.
2025-09-06 11:34:47,873 [ERROR] LogOutputStream:74 - [STDERR_REDIRECT] Managed Build system manifest file error: Option com.st.stm32cube.ide.mcu.debug.option.cpuclock.686517586 uses a null category that is invalid in its context. The option was ignored.
2025-09-06 11:34:49,822 [ERROR] LogOutputStream:74 - [STDERR_REDIRECT] Managed Build system manifest file error: Option com.st.stm32cube.ide.mcu.debug.option.cpuclock.1269365669 uses a null category that is invalid in its context. The option was ignored.
2025-09-06 11:34:49,853 [ERROR] LogOutputStream:74 - [STDERR_REDIRECT] Managed Build system manifest file error: Option com.st.stm32cube.ide.mcu.debug.option.cpuclock.1335955805 uses a null category that is invalid in its context. The option was ignored.
2025-09-06 11:35:14,977 [ERROR] LogOutputStream:74 - [STDERR_REDIRECT] SLF4J: Failed to load class "org.slf4j.impl.StaticLoggerBinder".
2025-09-06 11:35:14,977 [ERROR] LogOutputStream:74 - [STDERR_REDIRECT] SLF4J: Defaulting to no-operation (NOP) logger implementation
2025-09-06 11:35:14,977 [ERROR] LogOutputStream:74 - [STDERR_REDIRECT] SLF4J: See http://www.slf4j.org/codes.html#StaticLoggerBinder for further details.
2025-09-06 11:35:24,937 [ERROR] LogOutputStream:74 - [STDERR_REDIRECT] Managed Build system manifest file error: Option com.st.stm32cube.ide.mcu.debug.option.cpuclock.2111870804 uses a null category that is invalid in its context. The option was ignored.
2025-09-06 11:35:24,949 [ERROR] LogOutputStream:74 - [STDERR_REDIRECT] Managed Build system manifest file error: Option com.st.stm32cube.ide.mcu.debug.option.cpuclock.549155501 uses a null category that is invalid in its context. The option was ignored.
2025-09-06 11:35:45,290 [ERROR] LogOutputStream:74 - [STDERR_REDIRECT] Managed Build system manifest file error: Option com.st.stm32cube.ide.mcu.debug.option.cpuclock.1848780423 uses a null category that is invalid in its context. The option was ignored.
2025-09-06 11:35:45,306 [ERROR] LogOutputStream:74 - [STDERR_REDIRECT] Managed Build system manifest file error: Option com.st.stm32cube.ide.mcu.debug.option.cpuclock.2036242949 uses a null category that is invalid in its context. The option was ignored.
2025-09-07 20:37:17,714 [INFO] Activator:177 - 


2025-09-07 20:37:17,715 [INFO] Activator:178 - !SESSION log4j initialized
2025-09-07 20:37:18,418 [ERROR] LogOutputStream:74 - [STDERR_REDIRECT] Managed Build system manifest file error: Option com.st.stm32cube.ide.mcu.debug.option.cpuclock.1848780423 uses a null category that is invalid in its context. The option was ignored.
2025-09-07 20:37:18,558 [ERROR] LogOutputStream:74 - [STDERR_REDIRECT] Managed Build system manifest file error: Option com.st.stm32cube.ide.mcu.debug.option.cpuclock.2036242949 uses a null category that is invalid in its context. The option was ignored.
2025-09-07 20:37:20,478 [ERROR] LogOutputStream:74 - [STDERR_REDIRECT] Managed Build system manifest file error: Option com.st.stm32cube.ide.mcu.debug.option.cpuclock.2111870804 uses a null category that is invalid in its context. The option was ignored.
2025-09-07 20:37:20,509 [ERROR] LogOutputStream:74 - [STDERR_REDIRECT] Managed Build system manifest file error: Option com.st.stm32cube.ide.mcu.debug.option.cpuclock.549155501 uses a null category that is invalid in its context. The option was ignored.
2025-09-07 20:37:20,606 [ERROR] LogOutputStream:74 - [STDERR_REDIRECT] Managed Build system manifest file error: Option com.st.stm32cube.ide.mcu.debug.option.cpuclock.1269365669 uses a null category that is invalid in its context. The option was ignored.
2025-09-07 20:37:20,638 [ERROR] LogOutputStream:74 - [STDERR_REDIRECT] Managed Build system manifest file error: Option com.st.stm32cube.ide.mcu.debug.option.cpuclock.1335955805 uses a null category that is invalid in its context. The option was ignored.
2025-09-07 20:37:45,610 [ERROR] LogOutputStream:74 - [STDERR_REDIRECT] SLF4J: Failed to load class "org.slf4j.impl.StaticLoggerBinder".
2025-09-07 20:37:45,612 [ERROR] LogOutputStream:74 - [STDERR_REDIRECT] SLF4J: Defaulting to no-operation (NOP) logger implementation
2025-09-07 20:37:45,613 [ERROR] LogOutputStream:74 - [STDERR_REDIRECT] SLF4J: See http://www.slf4j.org/codes.html#StaticLoggerBinder for further details.
2025-09-07 22:17:04,998 [ERROR] LogOutputStream:74 - [STDERR_REDIRECT] Managed Build system manifest file error: Option com.st.stm32cube.ide.mcu.debug.option.cpuclock.824216397 uses a null category that is invalid in its context. The option was ignored.
2025-09-07 22:17:05,013 [ERROR] LogOutputStream:74 - [STDERR_REDIRECT] Managed Build system manifest file error: Option com.st.stm32cube.ide.mcu.debug.option.cpuclock.70561502 uses a null category that is invalid in its context. The option was ignored.
2025-09-08 20:35:47,255 [INFO] Activator:177 - 


2025-09-08 20:35:47,255 [INFO] Activator:178 - !SESSION log4j initialized
2025-09-08 20:35:48,336 [ERROR] LogOutputStream:74 - [STDERR_REDIRECT] Managed Build system manifest file error: Option com.st.stm32cube.ide.mcu.debug.option.cpuclock.1269365669 uses a null category that is invalid in its context. The option was ignored.
2025-09-08 20:35:48,487 [ERROR] LogOutputStream:74 - [STDERR_REDIRECT] Managed Build system manifest file error: Option com.st.stm32cube.ide.mcu.debug.option.cpuclock.1335955805 uses a null category that is invalid in its context. The option was ignored.
2025-09-08 20:35:54,167 [ERROR] LogOutputStream:74 - [STDERR_REDIRECT] Managed Build system manifest file error: Option com.st.stm32cube.ide.mcu.debug.option.cpuclock.1297077933 uses a null category that is invalid in its context. The option was ignored.
2025-09-08 20:35:54,194 [ERROR] LogOutputStream:74 - [STDERR_REDIRECT] Managed Build system manifest file error: Option com.st.stm32cube.ide.mcu.debug.option.cpuclock.423796306 uses a null category that is invalid in its context. The option was ignored.
2025-09-08 20:36:15,306 [ERROR] LogOutputStream:74 - [STDERR_REDIRECT] SLF4J: Failed to load class "org.slf4j.impl.StaticLoggerBinder".
2025-09-08 20:36:15,306 [ERROR] LogOutputStream:74 - [STDERR_REDIRECT] SLF4J: Defaulting to no-operation (NOP) logger implementation
2025-09-08 20:36:15,306 [ERROR] LogOutputStream:74 - [STDERR_REDIRECT] SLF4J: See http://www.slf4j.org/codes.html#StaticLoggerBinder for further details.
2025-09-08 21:48:20,653 [ERROR] LogOutputStream:74 - [STDERR_REDIRECT] Managed Build system manifest file error: Option com.st.stm32cube.ide.mcu.debug.option.cpuclock.824216397 uses a null category that is invalid in its context. The option was ignored.
2025-09-08 21:48:20,689 [ERROR] LogOutputStream:74 - [STDERR_REDIRECT] Managed Build system manifest file error: Option com.st.stm32cube.ide.mcu.debug.option.cpuclock.70561502 uses a null category that is invalid in its context. The option was ignored.
2025-09-13 20:40:52,876 [INFO] Activator:177 - 


2025-09-13 20:40:52,876 [INFO] Activator:178 - !SESSION log4j initialized
2025-09-13 20:40:53,590 [ERROR] LogOutputStream:74 - [STDERR_REDIRECT] Managed Build system manifest file error: Option com.st.stm32cube.ide.mcu.debug.option.cpuclock.824216397 uses a null category that is invalid in its context. The option was ignored.
2025-09-13 20:40:53,723 [ERROR] LogOutputStream:74 - [STDERR_REDIRECT] Managed Build system manifest file error: Option com.st.stm32cube.ide.mcu.debug.option.cpuclock.70561502 uses a null category that is invalid in its context. The option was ignored.
2025-09-13 20:40:55,693 [ERROR] LogOutputStream:74 - [STDERR_REDIRECT] Managed Build system manifest file error: Option com.st.stm32cube.ide.mcu.debug.option.cpuclock.1269365669 uses a null category that is invalid in its context. The option was ignored.
2025-09-13 20:40:55,740 [ERROR] LogOutputStream:74 - [STDERR_REDIRECT] Managed Build system manifest file error: Option com.st.stm32cube.ide.mcu.debug.option.cpuclock.1335955805 uses a null category that is invalid in its context. The option was ignored.
2025-09-13 20:41:22,894 [ERROR] LogOutputStream:74 - [STDERR_REDIRECT] SLF4J: Failed to load class "org.slf4j.impl.StaticLoggerBinder".
2025-09-13 20:41:22,894 [ERROR] LogOutputStream:74 - [STDERR_REDIRECT] SLF4J: Defaulting to no-operation (NOP) logger implementation
2025-09-13 20:41:22,894 [ERROR] LogOutputStream:74 - [STDERR_REDIRECT] SLF4J: See http://www.slf4j.org/codes.html#StaticLoggerBinder for further details.
2025-09-13 21:00:14,151 [ERROR] LogOutputStream:74 - [STDERR_REDIRECT] Managed Build system manifest file error: Option com.st.stm32cube.ide.mcu.debug.option.cpuclock.1540504926 uses a null category that is invalid in its context. The option was ignored.
2025-09-13 21:00:14,166 [ERROR] LogOutputStream:74 - [STDERR_REDIRECT] Managed Build system manifest file error: Option com.st.stm32cube.ide.mcu.debug.option.cpuclock.686517586 uses a null category that is invalid in its context. The option was ignored.
2025-09-13 21:11:29,815 [ERROR] LogOutputStream:74 - [STDERR_REDIRECT] Managed Build system manifest file error: Option com.st.stm32cube.ide.mcu.debug.option.cpuclock.400080197 uses a null category that is invalid in its context. The option was ignored.
2025-09-13 21:11:29,815 [ERROR] LogOutputStream:74 - [STDERR_REDIRECT] Managed Build system manifest file error: Option com.st.stm32cube.ide.mcu.debug.option.cpuclock.452503527 uses a null category that is invalid in its context. The option was ignored.
2025-09-16 13:46:12,305 [INFO] Activator:177 - 


2025-09-16 13:46:12,306 [INFO] Activator:178 - !SESSION log4j initialized
2025-09-16 13:46:13,121 [ERROR] LogOutputStream:74 - [STDERR_REDIRECT] Managed Build system manifest file error: Option com.st.stm32cube.ide.mcu.debug.option.cpuclock.400080197 uses a null category that is invalid in its context. The option was ignored.
2025-09-16 13:46:13,256 [ERROR] LogOutputStream:74 - [STDERR_REDIRECT] Managed Build system manifest file error: Option com.st.stm32cube.ide.mcu.debug.option.cpuclock.452503527 uses a null category that is invalid in its context. The option was ignored.
2025-09-16 13:46:15,233 [ERROR] LogOutputStream:74 - [STDERR_REDIRECT] Managed Build system manifest file error: Option com.st.stm32cube.ide.mcu.debug.option.cpuclock.1269365669 uses a null category that is invalid in its context. The option was ignored.
2025-09-16 13:46:15,264 [ERROR] LogOutputStream:74 - [STDERR_REDIRECT] Managed Build system manifest file error: Option com.st.stm32cube.ide.mcu.debug.option.cpuclock.1335955805 uses a null category that is invalid in its context. The option was ignored.
2025-09-16 13:46:20,927 [ERROR] LogOutputStream:74 - [STDERR_REDIRECT] Managed Build system manifest file error: Option com.st.stm32cube.ide.mcu.debug.option.cpuclock.1545274286 uses a null category that is invalid in its context. The option was ignored.
2025-09-16 13:46:20,927 [ERROR] LogOutputStream:74 - [STDERR_REDIRECT] Managed Build system manifest file error: Option com.st.stm32cube.ide.mcu.debug.option.cpuclock.957969984 uses a null category that is invalid in its context. The option was ignored.
2025-09-16 13:46:41,663 [ERROR] LogOutputStream:74 - [STDERR_REDIRECT] SLF4J: Failed to load class "org.slf4j.impl.StaticLoggerBinder".
2025-09-16 13:46:41,663 [ERROR] LogOutputStream:74 - [STDERR_REDIRECT] SLF4J: Defaulting to no-operation (NOP) logger implementation
2025-09-16 13:46:41,663 [ERROR] LogOutputStream:74 - [STDERR_REDIRECT] SLF4J: See http://www.slf4j.org/codes.html#StaticLoggerBinder for further details.
2025-09-16 13:51:53,772 [ERROR] LogOutputStream:74 - [STDERR_REDIRECT] Managed Build system manifest file error: Option com.st.stm32cube.ide.mcu.debug.option.cpuclock.1545274286 uses a null category that is invalid in its context. The option was ignored.
2025-09-16 13:51:53,783 [ERROR] LogOutputStream:74 - [STDERR_REDIRECT] Managed Build system manifest file error: Option com.st.stm32cube.ide.mcu.debug.option.cpuclock.957969984 uses a null category that is invalid in its context. The option was ignored.
2025-09-16 16:08:39,703 [ERROR] LogOutputStream:74 - [STDERR_REDIRECT] Managed Build system manifest file error: Option com.st.stm32cube.ide.mcu.debug.option.cpuclock.1545274286 uses a null category that is invalid in its context. The option was ignored.
2025-09-16 16:08:39,770 [ERROR] LogOutputStream:74 - [STDERR_REDIRECT] Managed Build system manifest file error: Option com.st.stm32cube.ide.mcu.debug.option.cpuclock.957969984 uses a null category that is invalid in its context. The option was ignored.
2025-09-16 16:09:04,105 [ERROR] LogOutputStream:74 - [STDERR_REDIRECT] Managed Build system manifest file error: Option com.st.stm32cube.ide.mcu.debug.option.cpuclock.1545274286 uses a null category that is invalid in its context. The option was ignored.
2025-09-16 16:19:23,152 [ERROR] LogOutputStream:74 - [STDERR_REDIRECT] Managed Build system manifest file error: Option com.st.stm32cube.ide.mcu.debug.option.cpuclock.1269365669 uses a null category that is invalid in its context. The option was ignored.
2025-09-16 16:19:23,175 [ERROR] LogOutputStream:74 - [STDERR_REDIRECT] Managed Build system manifest file error: Option com.st.stm32cube.ide.mcu.debug.option.cpuclock.1335955805 uses a null category that is invalid in its context. The option was ignored.
2025-09-16 16:19:25,104 [ERROR] LogOutputStream:74 - [STDERR_REDIRECT] Managed Build system manifest file error: Option com.st.stm32cube.ide.mcu.debug.option.cpuclock.1744414761 uses a null category that is invalid in its context. The option was ignored.
2025-09-16 16:19:25,116 [ERROR] LogOutputStream:74 - [STDERR_REDIRECT] Managed Build system manifest file error: Option com.st.stm32cube.ide.mcu.debug.option.cpuclock.391445986 uses a null category that is invalid in its context. The option was ignored.
2025-09-16 16:55:57,809 [INFO] Activator:177 - 


2025-09-16 16:55:57,809 [INFO] Activator:178 - !SESSION log4j initialized
2025-09-16 16:55:58,476 [ERROR] LogOutputStream:74 - [STDERR_REDIRECT] Managed Build system manifest file error: Option com.st.stm32cube.ide.mcu.debug.option.cpuclock.1744414761 uses a null category that is invalid in its context. The option was ignored.
2025-09-16 16:55:58,596 [ERROR] LogOutputStream:74 - [STDERR_REDIRECT] Managed Build system manifest file error: Option com.st.stm32cube.ide.mcu.debug.option.cpuclock.391445986 uses a null category that is invalid in its context. The option was ignored.
2025-09-16 16:56:00,196 [ERROR] LogOutputStream:74 - [STDERR_REDIRECT] Managed Build system manifest file error: Option com.st.stm32cube.ide.mcu.debug.option.cpuclock.1545274286 uses a null category that is invalid in its context. The option was ignored.
2025-09-16 16:56:00,223 [ERROR] LogOutputStream:74 - [STDERR_REDIRECT] Managed Build system manifest file error: Option com.st.stm32cube.ide.mcu.debug.option.cpuclock.957969984 uses a null category that is invalid in its context. The option was ignored.
